This file contains any messages produced by compilers while
running configure, to aid debugging if configure makes a mistake.

It was created by configure, which was
generated by GNU Autoconf 2.68.  Invocation command line was

  $ ./configure --cache-file=config.generic.cache

## --------- ##
## Platform. ##
## --------- ##

hostname = blake
uname -m = i386
uname -r = 10.4.0
uname -s = Darwin
uname -v = Darwin Kernel Version 10.4.0: Fri Apr 23 18:28:53 PDT 2010; root:xnu-1504.7.4~1/RELEASE_I386

/usr/bin/uname -p = i386
/bin/uname -X     = unknown

/bin/arch              = unknown
/usr/bin/arch -k       = unknown
/usr/convex/getsysinfo = unknown
/usr/bin/hostinfo      = Mach kernel version:
	 Darwin Kernel Version 10.4.0: Fri Apr 23 18:28:53 PDT 2010; root:xnu-1504.7.4~1/RELEASE_I386
Kernel configured for up to 4 processors.
2 processors are physically available.
4 processors are logically available.
Processor type: i486 (Intel 80486)
Processors active: 0 1 2 3
Primary memory available: 4.00 gigabytes
Default processor set: 112 tasks, 428 threads, 4 processors
Load average: 1.06, Mach factor: 2.92
/bin/machine           = unknown
/usr/bin/oslevel       = unknown
/bin/universe          = unknown

PATH: /opt/local/bin
PATH: /opt/local/sbin
PATH: /opt/local/bin
PATH: /opt/local/sbin
PATH: /usr/bin
PATH: /bin
PATH: /usr/sbin
PATH: /sbin
PATH: /usr/local/bin
PATH: /opt/X11/bin
PATH: /usr/X11/bin
PATH: /opt/local/bin
PATH: /opt/local/sbin
PATH: /Users/nmcgill/bin
PATH: .
PATH: /Users/nmcgill/perl
PATH: /Users/nmcgill/debugit/
PATH: /Users/nmcgill/expect
PATH: /Users/nmcgill/go/gobin
PATH: /Users/nmcgill/bin
PATH: .
PATH: .
PATH: .
PATH: /Users/nmcgill/perl
PATH: /Users/nmcgill/debugit/
PATH: /Users/nmcgill/expect
PATH: /Users/nmcgill/go/gobin


## ----------- ##
## Core tests. ##
## ----------- ##

configure:2074: loading cache config.generic.cache
configure:2163: checking where to install
configure:2182: result: NONE/games/ghack/
configure:2224: checking build system type
configure:2238: result: i686-apple-darwin10.4.0
configure:2258: checking host system type
configure:2271: result: i686-apple-darwin10.4.0
configure:2291: checking target system type
configure:2304: result: i686-apple-darwin10.4.0
configure:2390: checking for g++
configure:2417: result: g++
configure:2444: checking for C++ compiler version
configure:2453: g++ --version >&5
i686-apple-darwin10-g++-4.2.1 (GCC) 4.2.1 (Apple Inc. build 5664)
Copyright (C) 2007 Free Software Foundation, Inc.
This is free software; see the source for copying conditions.  There is NO
warranty; not even for MERCHANTABILITY or FITNESS FOR A PARTICULAR PURPOSE.

configure:2464: $? = 0
configure:2453: g++ -v >&5
Using built-in specs.
Target: i686-apple-darwin10
Configured with: /var/tmp/gcc/gcc-5664~105/src/configure --disable-checking --enable-werror --prefix=/usr --mandir=/share/man --enable-languages=c,objc,c++,obj-c++ --program-transform-name=/^[cg][^.-]*$/s/$/-4.2/ --with-slibdir=/usr/lib --build=i686-apple-darwin10 --program-prefix=i686-apple-darwin10- --host=x86_64-apple-darwin10 --target=i686-apple-darwin10 --with-gxx-include-dir=/include/c++/4.2.1
Thread model: posix
gcc version 4.2.1 (Apple Inc. build 5664)
configure:2464: $? = 0
configure:2453: g++ -V >&5
g++-4.2: argument to `-V' is missing
configure:2464: $? = 1
configure:2453: g++ -qversion >&5
i686-apple-darwin10-g++-4.2.1: no input files
configure:2464: $? = 1
configure:2484: checking whether the C++ compiler works
configure:2506: g++    conftest.cpp  >&5
configure:2510: $? = 0
configure:2558: result: yes
configure:2561: checking for C++ compiler default output file name
configure:2563: result: a.out
configure:2569: checking for suffix of executables
configure:2576: g++ -o conftest    conftest.cpp  >&5
configure:2580: $? = 0
configure:2602: result: 
configure:2624: checking whether we are cross compiling
configure:2632: g++ -o conftest    conftest.cpp  >&5
configure:2636: $? = 0
configure:2643: ./conftest
configure:2647: $? = 0
configure:2662: result: no
configure:2667: checking for suffix of object files
configure:2714: result: o
configure:2718: checking whether we are using the GNU C++ compiler
configure:2746: result: yes
configure:2755: checking whether g++ accepts -g
configure:2816: result: yes
configure:2887: checking for gcc
configure:2914: result: gcc
configure:3143: checking for C compiler version
configure:3152: gcc --version >&5
i686-apple-darwin10-gcc-4.2.1 (GCC) 4.2.1 (Apple Inc. build 5664)
Copyright (C) 2007 Free Software Foundation, Inc.
This is free software; see the source for copying conditions.  There is NO
warranty; not even for MERCHANTABILITY or FITNESS FOR A PARTICULAR PURPOSE.

configure:3163: $? = 0
configure:3152: gcc -v >&5
Using built-in specs.
Target: i686-apple-darwin10
Configured with: /var/tmp/gcc/gcc-5664~105/src/configure --disable-checking --enable-werror --prefix=/usr --mandir=/share/man --enable-languages=c,objc,c++,obj-c++ --program-transform-name=/^[cg][^.-]*$/s/$/-4.2/ --with-slibdir=/usr/lib --build=i686-apple-darwin10 --program-prefix=i686-apple-darwin10- --host=x86_64-apple-darwin10 --target=i686-apple-darwin10 --with-gxx-include-dir=/include/c++/4.2.1
Thread model: posix
gcc version 4.2.1 (Apple Inc. build 5664)
configure:3163: $? = 0
configure:3152: gcc -V >&5
gcc-4.2: argument to `-V' is missing
configure:3163: $? = 1
configure:3152: gcc -qversion >&5
i686-apple-darwin10-gcc-4.2.1: no input files
configure:3163: $? = 1
configure:3167: checking whether we are using the GNU C compiler
configure:3195: result: yes
configure:3204: checking whether gcc accepts -g
configure:3265: result: yes
configure:3282: checking for gcc option to accept ISO C89
configure:3359: result: none needed
configure:3422: checking for ranlib
configure:3449: result: ranlib
configure:3484: checking for ar
configure:3511: result: ar
configure:3529: checking how to run the C preprocessor
configure:3599: result: gcc -E
configure:3619: gcc -E  conftest.c
configure:3619: $? = 0
configure:3633: gcc -E  conftest.c
conftest.c:9:28: error: ac_nonexistent.h: No such file or directory
configure:3633: $? = 1
configure: failed program was:
| /* confdefs.h */
| #define PACKAGE_NAME ""
| #define PACKAGE_TARNAME ""
| #define PACKAGE_VERSION ""
| #define PACKAGE_STRING ""
| #define PACKAGE_BUGREPORT ""
| #define PACKAGE_URL ""
| /* end confdefs.h.  */
| #include <ac_nonexistent.h>
configure:3662: checking for grep that handles long lines and -e
configure:3720: result: /usr/bin/grep
configure:3725: checking for egrep
configure:3787: result: /usr/bin/grep -E
configure:3792: checking for ANSI C header files
configure:3896: result: yes
configure:3909: checking for sys/types.h
configure:3909: result: yes
configure:3909: checking for sys/stat.h
configure:3909: result: yes
configure:3909: checking for stdlib.h
configure:3909: result: yes
configure:3909: checking for string.h
configure:3909: result: yes
configure:3909: checking for memory.h
configure:3909: result: yes
configure:3909: checking for strings.h
configure:3909: result: yes
configure:3909: checking for inttypes.h
configure:3909: result: yes
configure:3909: checking for stdint.h
configure:3909: result: yes
configure:3909: checking for unistd.h
configure:3909: result: yes
configure:3923: checking for zlib.h
configure:3923: result: yes
configure:4768: checking for backtrace
configure:4768: result: yes
configure:4972: creating ./config.status

## ---------------------- ##
## Running config.status. ##
## ---------------------- ##

This file was extended by config.status, which was
generated by GNU Autoconf 2.68.  Invocation command line was

  CONFIG_FILES    = 
  CONFIG_HEADERS  = 
  CONFIG_LINKS    = 
  CONFIG_COMMANDS = 
  $ ./config.status 

on blake

config.status:848: creating ../Makefile
config.status:848: creating ../build/Makefile
config.status:848: creating ../build/sh/Makefile
config.status:848: creating ../build/mk/config
config.status:848: creating ../build/mk/library
config.status:848: creating ../build/mk/program
config.status:848: creating ../build/mk/rules
config.status:848: creating ../bin/Makefile
config.status:848: creating ../src/debug/Makefile
config.status:848: creating ../src/io/Makefile
config.status:848: creating ../src/player/Makefile
config.status:848: creating ../src/term/Makefile
config.status:848: creating ../src/Makefile
config.status:848: creating ../src/game/Makefile
config.status:848: creating ../src/map/Makefile
config.status:848: creating ../src/math/Makefile
config.status:848: creating ../src/misc/Makefile
config.status:848: creating ../src/things/Makefile
config.status:848: creating ../src/rooms/Makefile
config.status:848: creating ../src/levels/Makefile
config.status:848: creating ../src/sdl/Makefile
config.status:848: creating ../src/ui/Makefile
config.status:848: creating ../src/main/Makefile
config.status:848: creating ../src/test/Makefile
config.status:848: creating ../src/resources/Makefile
config.status:848: creating ../src/resources/things/Makefile
config.status:848: creating ../src/resources/things/room/Makefile
config.status:848: creating ../src/resources/things/room/doors/Makefile
config.status:848: creating ../src/resources/things/monst/Makefile
config.status:848: creating config.h
config.status:1018: config.h is unchanged

## ---------------- ##
## Cache variables. ##
## ---------------- ##

ac_cv_build=i686-apple-darwin10.4.0
ac_cv_c_compiler_gnu=yes
ac_cv_cxx_compiler_gnu=yes
ac_cv_env_CCC_set=
ac_cv_env_CCC_value=
ac_cv_env_CC_set=
ac_cv_env_CC_value=
ac_cv_env_CFLAGS_set=
ac_cv_env_CFLAGS_value=
ac_cv_env_CPPFLAGS_set=
ac_cv_env_CPPFLAGS_value=
ac_cv_env_CPP_set=
ac_cv_env_CPP_value=
ac_cv_env_CXXFLAGS_set=
ac_cv_env_CXXFLAGS_value=
ac_cv_env_CXX_set=
ac_cv_env_CXX_value=
ac_cv_env_LDFLAGS_set=
ac_cv_env_LDFLAGS_value=
ac_cv_env_LIBS_set=
ac_cv_env_LIBS_value=
ac_cv_env_XMKMF_set=
ac_cv_env_XMKMF_value=
ac_cv_env_build_alias_set=
ac_cv_env_build_alias_value=
ac_cv_env_host_alias_set=
ac_cv_env_host_alias_value=
ac_cv_env_target_alias_set=
ac_cv_env_target_alias_value=
ac_cv_func_backtrace=yes
ac_cv_header_inttypes_h=yes
ac_cv_header_memory_h=yes
ac_cv_header_stdc=yes
ac_cv_header_stdint_h=yes
ac_cv_header_stdlib_h=yes
ac_cv_header_string_h=yes
ac_cv_header_strings_h=yes
ac_cv_header_sys_stat_h=yes
ac_cv_header_sys_types_h=yes
ac_cv_header_unistd_h=yes
ac_cv_header_zlib_h=yes
ac_cv_host=i686-apple-darwin10.4.0
ac_cv_objext=o
ac_cv_path_EGREP='/usr/bin/grep -E'
ac_cv_path_GREP=/usr/bin/grep
ac_cv_prog_AR=ar
ac_cv_prog_CPP='gcc -E'
ac_cv_prog_ac_ct_CC=gcc
ac_cv_prog_ac_ct_CXX=g++
ac_cv_prog_ac_ct_RANLIB=ranlib
ac_cv_prog_cc_c89=
ac_cv_prog_cc_g=yes
ac_cv_prog_cxx_g=yes
ac_cv_target=i686-apple-darwin10.4.0

## ----------------- ##
## Output variables. ##
## ----------------- ##

AR='ar'
CC='gcc'
CFLAGS='-g -O2 -Wall -DMACOSX  -I/Library/Frameworks/SDL.framework/Headers  -I/Library/Frameworks/SDL.framework/Versions/A/Headers  -I/Library/Frameworks/SDL_image.framework/Headers  -I/Library/Frameworks/SDL_image.framework/Versions/A/Headers  -I/Library/Frameworks/SDL_mixer.framework/Headers  -I/Library/Frameworks/SDL_mixer.framework/Versions/A/Headers  -I/Library/Frameworks/OpenGL.framework/Headers  -I/System/Library/Frameworks/SDL.framework/Headers  -I/System/Library/Frameworks/SDL.framework/Versions/A/Headers  -I/System/Library/Frameworks/SDL_image.framework/Headers  -I/System/Library/Frameworks/SDL_image.framework/Versions/A/Headers  -I/System/Library/Frameworks/SDL_mixer.framework/Headers  -I/System/Library/Frameworks/SDL_mixer.framework/Versions/A/Headers  -I/System/Library/Frameworks/OpenGL.framework/Headers  -I/opt/local/include/SDL -D_GNU_SOURCE=1 -D_THREAD_SAFE -O3'
CPP='gcc -E'
CPPFLAGS=''
CXX='g++'
CXXFLAGS='-g -O2'
DEFS='-DHAVE_CONFIG_H'
ECHO_C=''
ECHO_N='-n'
ECHO_T=''
EGREP='/usr/bin/grep -E'
EXEEXT=''
EXE_SUFFIX='.exe'
GH_LOCAL_BASE='NONE/games/ghack/'
GREP='/usr/bin/grep'
INCLUDES=''
INCLUDE_COLOUR_SH='include $(TOPDIR)/build/sh/colour.sh'
LDFLAGS=''
LIBOBJS=''
LIBS=''
LTLIBOBJS=''
MATHLIB=''
OBJEXT='o'
OSMESA_CONFIG=''
PACKAGE_BUGREPORT=''
PACKAGE_NAME=''
PACKAGE_STRING=''
PACKAGE_TARNAME=''
PACKAGE_URL=''
PACKAGE_VERSION=''
PATH_SEPARATOR=':'
RANLIB='ranlib'
SHELL='/bin/sh'
STRIP_IF_NEEDED='echo'
SYSLIBS=' -L/opt/local/lib -lSDLmain -lSDL -Wl,-framework,Cocoa -lz   -L/System/Library/Frameworks/OpenGL.framework/Libraries -lGL -lGLU -framework SDL -framework SDL_image -framework SDL_mixer -framework OpenGL'
TOPDIR='/Users/nmcgill/goblinhack'
XMKMF=''
X_CFLAGS=''
X_EXTRA_LIBS=''
X_LIBS=''
X_PRE_LIBS=''
ac_ct_CC='gcc'
ac_ct_CXX='g++'
bindir='${exec_prefix}/bin'
build='i686-apple-darwin10.4.0'
build_alias=''
build_cpu='i686'
build_os='darwin10.4.0'
build_vendor='apple'
datadir='${datarootdir}'
datarootdir='${prefix}/share'
docdir='${datarootdir}/doc/${PACKAGE}'
dvidir='${docdir}'
exec_prefix='${prefix}'
host='i686-apple-darwin10.4.0'
host_alias=''
host_cpu='i686'
host_os='darwin10.4.0'
host_vendor='apple'
htmldir='${docdir}'
includedir='${prefix}/include'
infodir='${datarootdir}/info'
libdir='${exec_prefix}/lib'
libexecdir='${exec_prefix}/libexec'
localedir='${datarootdir}/locale'
localstatedir='${prefix}/var'
mandir='${datarootdir}/man'
oldincludedir='/usr/include'
pdfdir='${docdir}'
prefix='/usr/local'
program_transform_name='s,x,x,'
psdir='${docdir}'
sbindir='${exec_prefix}/sbin'
sharedstatedir='${prefix}/com'
sysconfdir='${prefix}/etc'
target='i686-apple-darwin10.4.0'
target_alias=''
target_cpu='i686'
target_os='darwin10.4.0'
target_vendor='apple'

## ----------- ##
## confdefs.h. ##
## ----------- ##

/* confdefs.h */
#define PACKAGE_NAME ""
#define PACKAGE_TARNAME ""
#define PACKAGE_VERSION ""
#define PACKAGE_STRING ""
#define PACKAGE_BUGREPORT ""
#define PACKAGE_URL ""
#define STDC_HEADERS 1
#define HAVE_SYS_TYPES_H 1
#define HAVE_SYS_STAT_H 1
#define HAVE_STDLIB_H 1
#define HAVE_STRING_H 1
#define HAVE_MEMORY_H 1
#define HAVE_STRINGS_H 1
#define HAVE_INTTYPES_H 1
#define HAVE_STDINT_H 1
#define HAVE_UNISTD_H 1
#define HAVE_ZLIB_H 1
#define HAVE_BACKTRACE 1

configure: exit 0
